<?xml version="1.0" encoding="UTF-8"?>
<testsuite xmlns:xsi="http://www.w3.org/2001/XMLSchema-instance" xsi:noNamespaceSchemaLocation="https://maven.apache.org/surefire/maven-surefire-plugin/xsd/surefire-test-report.xsd" version="3.0.2" name="com.example.bookstoreapi.BookstoreapiApplicationTests" time="5.118" tests="1" errors="0" skipped="0" failures="0">
  <properties>
[...]
</properties>
  <testcase name="contextLoads" classname="com.example.bookstoreapi.BookstoreapiApplicationTests" time="0.552">
    <system-out><![CDATA[18:35:58.759 [main] INFO org.springframework.test.context.support.AnnotationConfigContextLoaderUtils -- Could not detect default configuration classes for test class [com.example.bookstoreapi.BookstoreapiApplicationTests]: BookstoreapiApplicationTests does not declare any static, non-private, non-final, nested classes annotated with @Configuration.
18:35:58.918 [main] INFO org.springframework.boot.test.context.SpringBootTestContextBootstrapper -- Found @SpringBootConfiguration com.example.bookstoreapi.BookstoreapiApplication for test class com.example.bookstoreapi.BookstoreapiApplicationTests
18:35:59.093 [main] INFO org.springframework.boot.devtools.restart.RestartApplicationListener -- Restart disabled due to context in which it is running

  .   ____          _            __ _ _
 /\\ / ___'_ __ _ _(_)_ __  __ _ \ \ \ \
( ( )\___ | '_ | '_| | '_ \/ _` | \ \ \ \
 \\/  ___)| |_)| | | | | || (_| |  ) ) ) )
  '  |____| .__|_| |_|_| |_\__, | / / / /
 =========|_|==============|___/=/_/_/_/

 :: Spring Boot ::       (v3.4.0-SNAPSHOT)

2024-08-22T18:35:59.339+05:30  INFO 17728 --- [bookstoreapi] [           main] c.e.b.BookstoreapiApplicationTests       : Starting BookstoreapiApplicationTests using Java 21.0.1 with PID 17728 (started by Pspre in C:\Users\Pspre\OneDrive\Documents\week_3\bookstoreapi)
2024-08-22T18:35:59.339+05:30  INFO 17728 --- [bookstoreapi] [           main] c.e.b.BookstoreapiApplicationTests       : No active profile set, falling back to 1 default profile: "default"
2024-08-22T18:36:00.093+05:30  INFO 17728 --- [bookstoreapi] [           main] .s.d.r.c.RepositoryConfigurationDelegate : Bootstrapping Spring Data JPA repositories in DEFAULT mode.
2024-08-22T18:36:00.155+05:30  INFO 17728 --- [bookstoreapi] [           main] .s.d.r.c.RepositoryConfigurationDelegate : Finished Spring Data repository scanning in 55 ms. Found 2 JPA repository interfaces.
2024-08-22T18:36:00.721+05:30  INFO 17728 --- [bookstoreapi] [           main] o.hibernate.jpa.internal.util.LogHelper  : HHH000204: Processing PersistenceUnitInfo [name: default]
2024-08-22T18:36:00.794+05:30  INFO 17728 --- [bookstoreapi] [           main] org.hibernate.Version                    : HHH000412: Hibernate ORM core version 6.6.0.Final
2024-08-22T18:36:00.832+05:30  INFO 17728 --- [bookstoreapi] [           main] o.h.c.internal.RegionFactoryInitiator    : HHH000026: Second-level cache disabled
2024-08-22T18:36:01.220+05:30  INFO 17728 --- [bookstoreapi] [           main] o.s.o.j.p.SpringPersistenceUnitInfo      : No LoadTimeWeaver setup: ignoring JPA class transformer
2024-08-22T18:36:01.259+05:30  INFO 17728 --- [bookstoreapi] [           main] com.zaxxer.hikari.HikariDataSource       : HikariPool-1 - Starting...
2024-08-22T18:36:01.434+05:30  INFO 17728 --- [bookstoreapi] [           main] com.zaxxer.hikari.pool.HikariPool        : HikariPool-1 - Added connection conn0: url=jdbc:h2:mem:testdb user=SA
2024-08-22T18:36:01.434+05:30  INFO 17728 --- [bookstoreapi] [           main] com.zaxxer.hikari.HikariDataSource       : HikariPool-1 - Start completed.
2024-08-22T18:36:01.465+05:30  WARN 17728 --- [bookstoreapi] [           main] org.hibernate.orm.deprecation            : HHH90000025: H2Dialect does not need to be specified explicitly using 'hibernate.dialect' (remove the property setting and it will be selected by default)
2024-08-22T18:36:01.481+05:30  INFO 17728 --- [bookstoreapi] [           main] org.hibernate.orm.connections.pooling    : HHH10001005: Database info:
	Database JDBC URL [Connecting through datasourcenull]
	Database driver: undefined/unknown
	Database version: 2.3.232
	Autocommit mode: undefined/unknown
	Isolation level: undefined/unknown
	Minimum pool size: undefined/unknown
	Maximum pool size: undefined/unknown
2024-08-22T18:36:02.151+05:30  INFO 17728 --- [bookstoreapi] [           main] o.h.e.t.j.p.i.JtaPlatformInitiator       : HHH000489: No JTA platform available (set 'hibernate.transaction.jta.platform' to enable JTA platform integration)
2024-08-22T18:36:02.195+05:30  INFO 17728 --- [bookstoreapi] [           main] j.LocalContainerEntityManagerFactoryBean : Initialized JPA EntityManagerFactory for persistence unit 'default'
2024-08-22T18:36:02.642+05:30  WARN 17728 --- [bookstoreapi] [           main] JpaBaseConfiguration$JpaWebConfiguration : spring.jpa.open-in-view is enabled by default. Therefore, database queries may be performed during view rendering. Explicitly configure spring.jpa.open-in-view to disable this warning
2024-08-22T18:36:03.069+05:30  INFO 17728 --- [bookstoreapi] [           main] c.e.b.BookstoreapiApplicationTests       : Started BookstoreapiApplicationTests in 3.984 seconds (process running for 5.159)
]]></system-out>
    <system-err><![CDATA[WARNING: A Java agent has been loaded dynamically (C:\Users\Pspre\.m2\repository\net\bytebuddy\byte-buddy-agent\1.14.19\byte-buddy-agent-1.14.19.jar)
WARNING: If a serviceability tool is in use, please run with -XX:+EnableDynamicAgentLoading to hide this warning
WARNING: If a serviceability tool is not in use, please run with -Djdk.instrument.traceUsage for more information
WARNING: Dynamic loading of agents will be disallowed by default in a future release
]]></system-err>
  </testcase>
</testsuite>